2026-05-22 03:31:25.397 INFO  [restartedMain] c.example.petlife.PetlifeApplication - Starting PetlifeApplication using Java 21.0.11 with PID 14676 (C:\Projects\petlifeplus_site\backend\target\classes started by h4miz in C:\Projects\petlifeplus_site)
2026-05-22 03:31:25.405 INFO  [restartedMain] c.example.petlife.PetlifeApplication - No active profile set, falling back to 1 default profile: "default"
2026-05-22 03:31:25.509 INFO  [restartedMain] o.s.b.d.e.DevToolsPropertyDefaultsPostProcessor - Devtools property defaults active! Set 'spring.devtools.add-properties' to 'false' to disable
2026-05-22 03:31:25.510 INFO  [restartedMain] o.s.b.d.e.DevToolsPropertyDefaultsPostProcessor - For additional web related logging consider setting the 'logging.level.web' property to 'DEBUG'
2026-05-22 03:31:25.639 INFO  [background-preinit] o.h.validator.internal.util.Version - HV000001: Hibernate Validator 9.0.1.Final
2026-05-22 03:31:28.144 INFO  [restartedMain] o.s.boot.tomcat.TomcatWebServer - Tomcat initialized with port 8080 (http)
2026-05-22 03:31:28.167 INFO  [restartedMain] o.a.coyote.http11.Http11NioProtocol - Initializing ProtocolHandler ["http-nio-8080"]
2026-05-22 03:31:28.169 INFO  [restartedMain] o.a.catalina.core.StandardService - Starting service [Tomcat]
2026-05-22 03:31:28.170 INFO  [restartedMain] o.a.catalina.core.StandardEngine - Starting Servlet engine: [Apache Tomcat/11.0.21]
2026-05-22 03:31:28.257 INFO  [restartedMain] o.s.b.w.c.s.WebApplicationContextInitializer - Root WebApplicationContext: initialization completed in 2740 ms
2026-05-22 03:31:29.610 INFO  [restartedMain] o.s.s.c.a.a.c.InitializeUserDetailsBeanManagerConfigurer$InitializeUserDetailsManagerConfigurer - Global AuthenticationManager configured with UserDetailsService bean with name userDetailsServiceImpl
2026-05-22 03:31:29.981 INFO  [restartedMain] o.s.b.w.a.WelcomePageHandlerMapping - Adding welcome page: URL [file:frontend/public/index.html]
2026-05-22 03:31:30.682 INFO  [restartedMain] o.a.coyote.http11.Http11NioProtocol - Starting ProtocolHandler ["http-nio-8080"]
2026-05-22 03:31:30.718 INFO  [restartedMain] o.s.boot.tomcat.TomcatWebServer - Tomcat started on port 8080 (http) with context path '/'
2026-05-22 03:31:30.735 INFO  [restartedMain] c.example.petlife.PetlifeApplication - Started PetlifeApplication in 6.426 seconds (process running for 7.232)
2026-05-22 03:31:30.862 INFO  [restartedMain] com.zaxxer.hikari.HikariDataSource - HikariPool-1 - Starting...
2026-05-22 03:31:31.150 INFO  [restartedMain] com.zaxxer.hikari.pool.HikariPool - HikariPool-1 - Added connection org.postgresql.jdbc.PgConnection@370996e1
2026-05-22 03:31:31.153 INFO  [restartedMain] com.zaxxer.hikari.HikariDataSource - HikariPool-1 - Start completed.
2026-05-22 03:31:42.851 INFO  [http-nio-8080-exec-1] o.a.c.c.C.[Tomcat].[localhost].[/] - Initializing Spring DispatcherServlet 'dispatcherServlet'
2026-05-22 03:31:42.853 INFO  [http-nio-8080-exec-1] o.s.web.servlet.DispatcherServlet - Initializing Servlet 'dispatcherServlet'
2026-05-22 03:31:42.865 INFO  [http-nio-8080-exec-1] o.s.web.servlet.DispatcherServlet - Completed initialization in 10 ms
2026-05-22 03:32:25.569 INFO  [SpringApplicationShutdownHook] o.s.boot.tomcat.GracefulShutdown - Commencing graceful shutdown. Waiting for active requests to complete
2026-05-22 03:32:25.598 INFO  [tomcat-shutdown] o.s.boot.tomcat.GracefulShutdown - Graceful shutdown complete
2026-05-22 03:32:25.611 INFO  [SpringApplicationShutdownHook] com.zaxxer.hikari.HikariDataSource - HikariPool-1 - Shutdown initiated...
2026-05-22 03:32:25.631 INFO  [SpringApplicationShutdownHook] com.zaxxer.hikari.HikariDataSource - HikariPool-1 - Shutdown completed.
