2026-05-18 16:04:02.210|method=GET uri=/app/dashboard status=302 tookMs=17 remote=0:0:0:0:0:0:0:1
2026-05-18 16:04:02.307|method=GET uri=/app/login status=200 tookMs=89 remote=0:0:0:0:0:0:0:1
2026-05-18 16:04:24.213|method=POST uri=/app/login status=302 tookMs=261 remote=0:0:0:0:0:0:0:1
2026-05-18 16:04:24.222|method=GET uri=/app/login status=200 tookMs=4 remote=0:0:0:0:0:0:0:1
2026-05-18 16:04:34.557|method=POST uri=/app/login status=302 tookMs=129 remote=0:0:0:0:0:0:0:1
2026-05-18 16:04:34.568|method=GET uri=/app/login status=200 tookMs=5 remote=0:0:0:0:0:0:0:1
2026-05-18 16:04:46.956|method=POST uri=/app/login status=302 tookMs=149 remote=0:0:0:0:0:0:0:1
2026-05-18 16:04:47.005|method=GET uri=/app/dashboard status=200 tookMs=43 remote=0:0:0:0:0:0:0:1
2026-05-18 16:04:50.271|method=GET uri=/app/pets status=200 tookMs=29 remote=0:0:0:0:0:0:0:1
2026-05-18 16:04:54.544|method=GET uri=/app/pets/1/health-records status=200 tookMs=29 remote=0:0:0:0:0:0:0:1
2026-05-18 16:04:59.843|method=GET uri=/app/pets/1/health-records/new status=200 tookMs=24 remote=0:0:0:0:0:0:0:1
2026-05-18 16:13:30.223|method=GET uri=/app/pets/1/health-records/new status=200 tookMs=53 remote=0:0:0:0:0:0:0:1
2026-05-18 16:18:38.993|method=GET uri=/app/pets/1/health-records/new status=200 tookMs=49 remote=0:0:0:0:0:0:0:1
2026-05-18 16:18:59.573|method=GET uri=/app/pets/1/health-records/new status=200 tookMs=22 remote=0:0:0:0:0:0:0:1
2026-05-18 16:25:30.465|method=POST uri=/app/pets/1/health-records status=200 tookMs=29 remote=0:0:0:0:0:0:0:1
2026-05-18 16:27:27.811|method=GET uri=/app/pets/1/health-records/new status=200 tookMs=177 remote=0:0:0:0:0:0:0:1
2026-05-18 16:28:24.627|method=POST uri=/app/pets/1/health-records status=400 tookMs=88 remote=0:0:0:0:0:0:0:1
2026-05-18 16:30:20.476|method=POST uri=/app/pets/1/health-records status=400 tookMs=212 remote=0:0:0:0:0:0:0:1
2026-05-18 16:30:22.224|method=GET uri=/app/pets/1/health-records/new status=200 tookMs=290 remote=0:0:0:0:0:0:0:1
2026-05-18 16:30:25.422|method=POST uri=/app/pets/1/health-records status=400 tookMs=45 remote=0:0:0:0:0:0:0:1
